<?xml version="1.0" encoding="utf-8"?><testsuites name="pytest tests"><testsuite name="pytest" errors="0" failures="0" skipped="0" tests="31" time="16.397" timestamp="2026-03-23T17:27:47.588108+00:00" hostname="agent-env-a7f17723-30df-4845-80c0-ed43ac81fe37"><testcase classname="backend.tests.test_leadflow_api.TestHealth" name="test_health_check" time="0.004" /><testcase classname="backend.tests.test_leadflow_api.TestHealth" name="test_health_returns_service_name" time="0.002" /><testcase classname="backend.tests.test_leadflow_api.TestAuth" name="test_register_new_user" time="1.141" /><testcase classname="backend.tests.test_leadflow_api.TestAuth" name="test_login_valid_credentials" time="0.811" /><testcase classname="backend.tests.test_leadflow_api.TestAuth" name="test_login_invalid_credentials" time="0.090" /><testcase classname="backend.tests.test_leadflow_api.TestAuth" name="test_get_me_with_valid_token" time="0.583" /><testcase classname="backend.tests.test_leadflow_api.TestAuth" name="test_get_me_without_token_returns_401" time="0.002" /><testcase classname="backend.tests.test_leadflow_api.TestLeads" name="test_list_leads_returns_array" time="0.190" /><testcase classname="backend.tests.test_leadflow_api.TestLeads" name="test_get_lead_stats" time="0.368" /><testcase classname="backend.tests.test_leadflow_api.TestLeads" name="test_create_lead" time="0.299" /><testcase classname="backend.tests.test_leadflow_api.TestLeads" name="test_create_lead_and_verify_in_list" time="0.387" /><testcase classname="backend.tests.test_leadflow_api.TestLeads" name="test_update_lead_fit_status" time="0.480" /><testcase classname="backend.tests.test_leadflow_api.TestLeads" name="test_update_lead_ai_score" time="0.209" /><testcase classname="backend.tests.test_leadflow_api.TestLeads" name="test_update_nonexistent_lead_returns_404" time="0.149" /><testcase classname="backend.tests.test_leadflow_api.TestLeads" name="test_leads_without_auth_returns_401" time="0.002" /><testcase classname="backend.tests.test_leadflow_api.TestDrafts" name="test_list_drafts_returns_array" time="0.180" /><testcase classname="backend.tests.test_leadflow_api.TestDrafts" name="test_list_drafts_without_auth" time="0.002" /><testcase classname="backend.tests.test_leadflow_api.TestSignals" name="test_list_signals_returns_array" time="0.225" /><testcase classname="backend.tests.test_leadflow_api.TestSignals" name="test_create_signal" time="0.339" /><testcase classname="backend.tests.test_leadflow_api.TestAIEndpoints" name="test_get_insights_returns_array" time="0.327" /><testcase classname="backend.tests.test_leadflow_api.TestAIEndpoints" name="test_get_insights_structure" time="0.267" /><testcase classname="backend.tests.test_leadflow_api.TestAIEndpoints" name="test_ai_chat_returns_reply" time="2.965" /><testcase classname="backend.tests.test_leadflow_api.TestAIEndpoints" name="test_ai_chat_without_auth" time="0.002" /><testcase classname="backend.tests.test_leadflow_api.TestAIEndpoints" name="test_ai_insights_without_auth" time="0.002" /><testcase classname="backend.tests.test_leadflow_api.TestAIEndpoints" name="test_generate_insights_endpoint" time="6.567" /><testcase classname="backend.tests.test_leadflow_api.TestUserSettings" name="test_get_user_settings_returns_keys" time="0.120" /><testcase classname="backend.tests.test_leadflow_api.TestUserSettings" name="test_post_user_settings_saves_data" time="0.194" /><testcase classname="backend.tests.test_leadflow_api.TestUserSettings" name="test_get_settings_after_save_returns_masked" time="0.271" /><testcase classname="backend.tests.test_leadflow_api.TestUserSettings" name="test_user_settings_without_auth" time="0.002" /><testcase classname="backend.tests.test_leadflow_api.TestUserSettings" name="test_post_settings_without_auth" time="0.002" /><testcase classname="backend.tests.test_leadflow_api.TestUserSettings" name="test_get_api_keys_status" time="0.120" /></testsuite></testsuites>