<?xml version="1.0" encoding="utf-8"?><testsuites name="pytest tests"><testsuite name="pytest" errors="0" failures="6" skipped="4" tests="48" time="14.130" timestamp="2026-03-23T20:29:08.839271+00:00" hostname="agent-env-a7f17723-30df-4845-80c0-ed43ac81fe37"><testcase classname="backend.tests.test_iteration5.TestAuthAccess" name="test_me_is_admin_true" time="1.190" /><testcase classname="backend.tests.test_iteration5.TestAuthAccess" name="test_unauthenticated_admin_returns_401" time="0.043" /><testcase classname="backend.tests.test_iteration5.TestAuthAccess" name="test_nonadmin_gets_403" time="0.538" /><testcase classname="backend.tests.test_iteration5.TestAuthAccess" name="test_me_nonadmin_is_false" time="0.156" /><testcase classname="backend.tests.test_iteration5.TestAdminOverview" name="test_overview_returns_all_fields" time="0.461" /><testcase classname="backend.tests.test_iteration5.TestAdminOverview" name="test_overview_non_negative_values" time="0.300" /><testcase classname="backend.tests.test_iteration5.TestAgentCRUD" name="test_create_agent" time="0.334" /><testcase classname="backend.tests.test_iteration5.TestAgentCRUD" name="test_list_agents" time="0.214" /><testcase classname="backend.tests.test_iteration5.TestAgentCRUD" name="test_list_agents_has_fields" time="0.186" /><testcase classname="backend.tests.test_iteration5.TestAgentCRUD" name="test_patch_agent_update_fields" time="0.274" /><testcase classname="backend.tests.test_iteration5.TestAgentCRUD" name="test_patch_agent_position_for_react_flow" time="0.246" /><testcase classname="backend.tests.test_iteration5.TestAgentCRUD" name="test_patch_agent_not_found" time="0.186" /><testcase classname="backend.tests.test_iteration5.TestAgentCRUD" name="test_delete_agent" time="0.680" /><testcase classname="backend.tests.test_iteration5.TestWorkflowEdges" name="test_list_edges" time="0.216" /><testcase classname="backend.tests.test_iteration5.TestWorkflowEdges" name="test_create_edge" time="0.604" /><testcase classname="backend.tests.test_iteration5.TestWorkflowEdges" name="test_list_edges_contains_created" time="0.186" /><testcase classname="backend.tests.test_iteration5.TestWorkflowEdges" name="test_edge_has_required_fields" time="0.185" /><testcase classname="backend.tests.test_iteration5.TestWorkflowEdges" name="test_delete_edge" time="0.215" /><testcase classname="backend.tests.test_iteration5.TestToolRegistry" name="test_create_rest_tool" time="0.333" /><testcase classname="backend.tests.test_iteration5.TestToolRegistry" name="test_create_apify_tool" time="0.272" /><testcase classname="backend.tests.test_iteration5.TestToolRegistry" name="test_list_tools" time="0.216" /><testcase classname="backend.tests.test_iteration5.TestToolRegistry" name="test_tool_has_required_fields" time="0.187" /><testcase classname="backend.tests.test_iteration5.TestToolRegistry" name="test_tool_auth_headers_not_in_plain_text" time="0.186" /><testcase classname="backend.tests.test_iteration5.TestToolRegistry" name="test_apify_tool_integration_type" time="0.186" /><testcase classname="backend.tests.test_iteration5.TestToolRegistry" name="test_patch_tool" time="0.245" /><testcase classname="backend.tests.test_iteration5.TestToolRegistry" name="test_delete_tool" time="0.673" /><testcase classname="backend.tests.test_iteration5.TestKnowledgeBase" name="test_list_knowledge_files" time="0.216" /><testcase classname="backend.tests.test_iteration5.TestKnowledgeBase" name="test_upload_text_file" time="0.158"><failure message="AssertionError: Upload text file failed: 422 {&quot;detail&quot;:[{&quot;type&quot;:&quot;missing&quot;,&quot;loc&quot;:[&quot;body&quot;,&quot;file&quot;],&quot;msg&quot;:&quot;Field required&quot;,&quot;input&quot;:null,&quot;url&quot;:&quot;https://errors.pydantic.dev/2.12/v/missing&quot;}]}&#10;assert 422 == 200&#10; +  where 422 = &lt;Response [422]&gt;.status_code">backend/tests/test_iteration5.py:381: in test_upload_text_file
    assert r.status_code == 200, f"Upload text file failed: {r.status_code} {r.text}"
E   AssertionError: Upload text file failed: 422 {"detail":[{"type":"missing","loc":["body","file"],"msg":"Field required","input":null,"url":"https://errors.pydantic.dev/2.12/v/missing"}]}
E   assert 422 == 200
E    +  where 422 = &lt;Response [422]&gt;.status_code</failure></testcase><testcase classname="backend.tests.test_iteration5.TestKnowledgeBase" name="test_upload_global_file" time="0.162"><failure message="AssertionError: Upload global file failed: 422 {&quot;detail&quot;:[{&quot;type&quot;:&quot;missing&quot;,&quot;loc&quot;:[&quot;body&quot;,&quot;file&quot;],&quot;msg&quot;:&quot;Field required&quot;,&quot;input&quot;:null,&quot;url&quot;:&quot;https://errors.pydantic.dev/2.12/v/missing&quot;}]}&#10;assert 422 == 200&#10; +  where 422 = &lt;Response [422]&gt;.status_code">backend/tests/test_iteration5.py:398: in test_upload_global_file
    assert r.status_code == 200, f"Upload global file failed: {r.status_code} {r.text}"
E   AssertionError: Upload global file failed: 422 {"detail":[{"type":"missing","loc":["body","file"],"msg":"Field required","input":null,"url":"https://errors.pydantic.dev/2.12/v/missing"}]}
E   assert 422 == 200
E    +  where 422 = &lt;Response [422]&gt;.status_code</failure></testcase><testcase classname="backend.tests.test_iteration5.TestKnowledgeBase" name="test_uploaded_file_in_list" time="0.186" /><testcase classname="backend.tests.test_iteration5.TestKnowledgeBase" name="test_kb_file_has_required_fields" time="0.186" /><testcase classname="backend.tests.test_iteration5.TestKnowledgeBase" name="test_knowledge_search" time="0.735"><failure message="AssertionError: Knowledge search failed: 500 Internal Server Error&#10;assert 500 == 200&#10; +  where 500 = &lt;Response [500]&gt;.status_code">backend/tests/test_iteration5.py:423: in test_knowledge_search
    assert r.status_code == 200, f"Knowledge search failed: {r.status_code} {r.text}"
E   AssertionError: Knowledge search failed: 500 Internal Server Error
E   assert 500 == 200
E    +  where 500 = &lt;Response [500]&gt;.status_code</failure></testcase><testcase classname="backend.tests.test_iteration5.TestKnowledgeBase" name="test_knowledge_search_returns_results_structure" time="0.483"><failure message="assert 500 == 200&#10; +  where 500 = &lt;Response [500]&gt;.status_code">backend/tests/test_iteration5.py:434: in test_knowledge_search_returns_results_structure
    assert r.status_code == 200
E   assert 500 == 200
E    +  where 500 = &lt;Response [500]&gt;.status_code</failure></testcase><testcase classname="backend.tests.test_iteration5.TestOrchestrationSimulate" name="test_simulate_no_agents_returns_200" time="0.179"><failure message="AssertionError: Simulate returned 500: Internal Server Error&#10;  CRITICAL: If 500, orchestrator still uses sync Anthropic client or other async issue.&#10;assert 500 == 200&#10; +  where 500 = &lt;Response [500]&gt;.status_code">backend/tests/test_iteration5.py:454: in test_simulate_no_agents_returns_200
    assert r.status_code == 200, (
E   AssertionError: Simulate returned 500: Internal Server Error
E     CRITICAL: If 500, orchestrator still uses sync Anthropic client or other async issue.
E   assert 500 == 200
E    +  where 500 = &lt;Response [500]&gt;.status_code</failure></testcase><testcase classname="backend.tests.test_iteration5.TestOrchestrationSimulate" name="test_simulate_with_agents_returns_200_not_500" time="0.147"><failure message="AssertionError: CRITICAL BUG: Simulate returned 500 even with AsyncAnthropic fix!&#10;  Internal Server Error&#10;assert 500 != 500&#10; +  where 500 = &lt;Response [500]&gt;.status_code">backend/tests/test_iteration5.py:484: in test_simulate_with_agents_returns_200_not_500
    assert r.status_code != 500, (
E   AssertionError: CRITICAL BUG: Simulate returned 500 even with AsyncAnthropic fix!
E     Internal Server Error
E   assert 500 != 500
E    +  where 500 = &lt;Response [500]&gt;.status_code</failure></testcase><testcase classname="backend.tests.test_iteration5.TestOrchestrationSimulate" name="test_simulate_response_has_all_fields" time="0.147"><skipped type="pytest.xfail" message="Simulate returned 500 - async bug not fully fixed" /></testcase><testcase classname="backend.tests.test_iteration5.TestOrchestrationThreads" name="test_list_threads" time="0.176" /><testcase classname="backend.tests.test_iteration5.TestOrchestrationThreads" name="test_list_threads_with_status_filter" time="0.218" /><testcase classname="backend.tests.test_iteration5.TestOrchestrationThreads" name="test_list_threads_required_fields" time="0.188"><skipped type="pytest.skip" message="No threads yet">/app/backend/tests/test_iteration5.py:528: No threads yet</skipped></testcase><testcase classname="backend.tests.test_iteration5.TestExecutionLogs" name="test_list_executions" time="0.188" /><testcase classname="backend.tests.test_iteration5.TestExecutionLogs" name="test_list_executions_fields" time="0.187"><skipped type="pytest.skip" message="No executions">/app/backend/tests/test_iteration5.py:550: No executions</skipped></testcase><testcase classname="backend.tests.test_iteration5.TestExecutionLogs" name="test_get_execution_detail_by_id" time="0.000"><skipped type="pytest.skip" message="No execution to fetch detail for">/app/backend/tests/test_iteration5.py:558: No execution to fetch detail for</skipped></testcase><testcase classname="backend.tests.test_iteration5.TestExecutionLogs" name="test_get_execution_not_found" time="0.215" /><testcase classname="backend.tests.test_iteration5.TestWebhookGodMode" name="test_webhook_requires_valid_secret" time="0.044" /><testcase classname="backend.tests.test_iteration5.TestWebhookGodMode" name="test_webhook_with_valid_secret_stores_lead" time="0.466" /><testcase classname="backend.tests.test_iteration5.TestWebhookGodMode" name="test_webhook_invalid_signal_category" time="0.580" /><testcase classname="backend.tests.test_iteration5.TestWebhookGodMode" name="test_webhook_invalid_user_returns_404" time="0.128" /><testcase classname="backend.tests.test_iteration5.TestWebhookGodMode" name="test_webhook_god_mode_vs_legacy_routing" time="0.429" /></testsuite></testsuites>