<?xml version="1.0" encoding="utf-8"?><testsuites name="pytest tests"><testsuite name="pytest" errors="0" failures="0" skipped="5" tests="35" time="13.608" timestamp="2026-03-23T19:59:44.165955+00:00" hostname="agent-env-a7f17723-30df-4845-80c0-ed43ac81fe37"><testcase classname="backend.tests.test_phase5_admin.TestAuthMe" name="test_me_includes_is_admin" time="1.332" /><testcase classname="backend.tests.test_phase5_admin.TestAuthMe" name="test_me_is_admin_after_promotion" time="0.315" /><testcase classname="backend.tests.test_phase5_admin.TestAdminPromote" name="test_promote_self_works" time="0.157"><skipped type="pytest.skip" message="User is already admin — promotion already done">/app/backend/tests/test_phase5_admin.py:119: User is already admin — promotion already done</skipped></testcase><testcase classname="backend.tests.test_phase5_admin.TestAdminPromote" name="test_admin_overview_requires_auth" time="0.042" /><testcase classname="backend.tests.test_phase5_admin.TestAdminPromote" name="test_admin_overview_requires_admin_role" time="0.664" /><testcase classname="backend.tests.test_phase5_admin.TestAdminOverview" name="test_overview_returns_stats" time="0.446" /><testcase classname="backend.tests.test_phase5_admin.TestAgentCRUD" name="test_create_agent" time="0.333" /><testcase classname="backend.tests.test_phase5_admin.TestAgentCRUD" name="test_list_agents" time="0.215" /><testcase classname="backend.tests.test_phase5_admin.TestAgentCRUD" name="test_list_agents_has_required_fields" time="0.186" /><testcase classname="backend.tests.test_phase5_admin.TestAgentCRUD" name="test_update_agent" time="0.274" /><testcase classname="backend.tests.test_phase5_admin.TestAgentCRUD" name="test_update_agent_not_found" time="0.186" /><testcase classname="backend.tests.test_phase5_admin.TestWorkflowEdges" name="test_list_edges_empty_initially" time="0.216" /><testcase classname="backend.tests.test_phase5_admin.TestWorkflowEdges" name="test_create_edge" time="0.603" /><testcase classname="backend.tests.test_phase5_admin.TestWorkflowEdges" name="test_list_edges_includes_created" time="0.186" /><testcase classname="backend.tests.test_phase5_admin.TestWorkflowEdges" name="test_edge_has_required_fields" time="0.185" /><testcase classname="backend.tests.test_phase5_admin.TestToolRegistry" name="test_create_tool" time="0.332" /><testcase classname="backend.tests.test_phase5_admin.TestToolRegistry" name="test_list_tools" time="0.216" /><testcase classname="backend.tests.test_phase5_admin.TestToolRegistry" name="test_tool_has_required_fields" time="0.187" /><testcase classname="backend.tests.test_phase5_admin.TestToolRegistry" name="test_tool_auth_headers_encrypted" time="0.186" /><testcase classname="backend.tests.test_phase5_admin.TestKnowledgeBase" name="test_upload_text_file" time="0.905" /><testcase classname="backend.tests.test_phase5_admin.TestKnowledgeBase" name="test_list_knowledge_files" time="0.215" /><testcase classname="backend.tests.test_phase5_admin.TestKnowledgeBase" name="test_knowledge_file_fields" time="0.203" /><testcase classname="backend.tests.test_phase5_admin.TestKnowledgeBase" name="test_upload_pdf_not_supported_gracefully" time="0.609" /><testcase classname="backend.tests.test_phase5_admin.TestOrchestrationThreads" name="test_simulate_thread_no_agents" time="0.181"><skipped type="pytest.xfail" message="KNOWN BUG: Orchestrator uses sync Anthropic client in async context, causing SQLAlchemy MissingGreenlet error when LLM agents are configured. Fix: use anthropic.AsyncAnthropic() in services/orchestrator.py" /></testcase><testcase classname="backend.tests.test_phase5_admin.TestOrchestrationThreads" name="test_simulate_thread_returns_events" time="0.229"><skipped type="pytest.xfail" message="KNOWN BUG: Sync Anthropic client in async context - see test_simulate_thread_no_agents" /></testcase><testcase classname="backend.tests.test_phase5_admin.TestOrchestrationThreads" name="test_list_orchestration_threads" time="0.177" /><testcase classname="backend.tests.test_phase5_admin.TestOrchestrationThreads" name="test_list_threads_with_status_filter" time="0.213" /><testcase classname="backend.tests.test_phase5_admin.TestOrchestrationThreads" name="test_list_threads_fields" time="0.187"><skipped type="pytest.skip" message="No threads to check fields">/app/backend/tests/test_phase5_admin.py:496: No threads to check fields</skipped></testcase><testcase classname="backend.tests.test_phase5_admin.TestExecutionLogs" name="test_list_executions" time="0.213" /><testcase classname="backend.tests.test_phase5_admin.TestExecutionLogs" name="test_list_executions_fields" time="0.186"><skipped type="pytest.skip" message="No executions to check">/app/backend/tests/test_phase5_admin.py:517: No executions to check</skipped></testcase><testcase classname="backend.tests.test_phase5_admin.TestExecutionLogs" name="test_get_execution_not_found" time="0.213" /><testcase classname="backend.tests.test_phase5_admin.TestGeminiEmbedding" name="test_embedding_dim_via_upload" time="2.836" /><testcase classname="backend.tests.test_phase5_admin.TestAdminAccessControl" name="test_nonadmin_cannot_list_agents" time="0.533" /><testcase classname="backend.tests.test_phase5_admin.TestAdminAccessControl" name="test_nonadmin_cannot_list_tools" time="0.156" /><testcase classname="backend.tests.test_phase5_admin.TestAdminAccessControl" name="test_nonadmin_cannot_upload_knowledge" time="0.156" /></testsuite></testsuites>